Added Component: Designator=*1(HDR1X4)
Added Component: Designator=*3(HDR2X3HA)
Added Component: Designator=*4(QM-2)
Added Component: Designator=1(SOT223)
Added Component: Designator=2(MOC3051)
Added Component: Designator=3(MOC3051)
Added Component: Designator=4(SOT223)
Added Component: Designator=5(HDR1X4)
Added Component: Designator=6(MOC3051)
Added Component: Designator=7(MOC3051)
Added Component: Designator=AC-DC1(220-5)
Added Component: Designator=AC-DC2(220-5)
Added Component: Designator=C1(0805)
Added Component: Designator=C2(1206)
Added Component: Designator=C3(1206)
Added Component: Designator=C4(0805)
Added Component: Designator=C5(0805)
Added Component: Designator=C6(0805)
Added Component: Designator=C7(0805)
Added Component: Designator=C8(0805)
Added Component: Designator=C9(0805)
Added Component: Designator=C10(0805)
Added Component: Designator=C11(0805)
Added Component: Designator=C12(RAD0.4)
Added Component: Designator=C13(0805)
Added Component: Designator=C14(1206)
Added Component: Designator=C15(1206)
Added Component: Designator=C16(0805)
Added Component: Designator=C17(0805)
Added Component: Designator=C18(0805)
Added Component: Designator=C19(0805)
Added Component: Designator=CH1(SOP16)
Added Component: Designator=D1(1206)
Added Component: Designator=D2(1206)
Added Component: Designator=D3(1206)
Added Component: Designator=D4(AXIAL0.5)
Added Component: Designator=D5(1206)
Added Component: Designator=D6(1206)
Added Component: Designator=DH1(SIP4)
Added Component: Designator=ESP1(PCBComponent_1)
Added Component: Designator=ESP2(PCBComponent_1)
Added Component: Designator=J3(SIP4)
Added Component: Designator=J5(5.08端子3)
Added Component: Designator=J8(SIP9)
Added Component: Designator=J9(SIP4)
Added Component: Designator=K1(5V-5)
Added Component: Designator=Q1(TO-126)
Added Component: Designator=Q2(SOT-23)
Added Component: Designator=Q3(TO-126)
Added Component: Designator=Q4(TO-126)
Added Component: Designator=Q5(TO-126)
Added Component: Designator=R1(1206)
Added Component: Designator=R2(1206)
Added Component: Designator=R3(1206)
Added Component: Designator=R4(0805)
Added Component: Designator=R5(1206)
Added Component: Designator=R6(1206)
Added Component: Designator=R7(0805)
Added Component: Designator=R8(0805)
Added Component: Designator=R9(0805)
Added Component: Designator=R10(1206)
Added Component: Designator=R11(1206)
Added Component: Designator=R12(1206)
Added Component: Designator=R13(1206)
Added Component: Designator=R14(1206)
Added Component: Designator=R15(1206)
Added Component: Designator=R16(0805)
Added Component: Designator=R17(0805)
Added Component: Designator=R18(1206)
Added Component: Designator=R19(0805)
Added Component: Designator=R20(0805)
Added Component: Designator=R21(0805)
Added Component: Designator=R22(1206)
Added Component: Designator=R23(0805)
Added Component: Designator=R24(0805)
Added Component: Designator=S1(PCBComponent_1)
Added Component: Designator=S2(自锁开关)
Added Component: Designator=S3(自锁开关)
Added Component: Designator=S4(自锁开关)
Added Component: Designator=U1(MOC3051)
Added Component: Designator=U2(蜂鸣器)
Added Component: Designator=USB1(miniUSB-b)
Added Component: Designator=Y1(XTAL-1)
Added Component: Designator=Y2(XTAL)
Added Pin To Net: NetName=1_220L Pin=AC-DC1-1
Added Pin To Net: NetName=1_220L Pin=K1-1
Added Pin To Net: NetName=1_220L Pin=Q1-1
Added Pin To Net: NetName=1_220L Pin=R8-2
Added Net: Name=1_220L
Added Pin To Net: NetName=1_220N Pin=AC-DC1-2
Added Pin To Net: NetName=1_220N Pin=J5-1
Added Net: Name=1_220N
Added Pin To Net: NetName=1_IO0 Pin=ESP1-18
Added Net: Name=1_IO0
Added Pin To Net: NetName=1_IO12 Pin=2-2
Added Pin To Net: NetName=1_IO12 Pin=ESP1-6
Added Net: Name=1_IO12
Added Pin To Net: NetName=1_IO13 Pin=ESP1-7
Added Pin To Net: NetName=1_IO13 Pin=U1-2
Added Net: Name=1_IO13
Added Pin To Net: NetName=1_RXD Pin=ESP1-21
Added Net: Name=1_RXD
Added Pin To Net: NetName=1_TXD Pin=ESP1-22
Added Pin To Net: NetName=1_TXD Pin=J3-2
Added Pin To Net: NetName=1_TXD Pin=J3-3
Added Net: Name=1_TXD
Added Pin To Net: NetName=3.3V1 Pin=D4-2
Added Pin To Net: NetName=3.3V1 Pin=ESP1-3
Added Pin To Net: NetName=3.3V1 Pin=ESP1-8
Added Pin To Net: NetName=3.3V1 Pin=J3-1
Added Pin To Net: NetName=3.3V1 Pin=K1-4
Added Pin To Net: NetName=3.3V1 Pin=R4-2
Added Pin To Net: NetName=3.3V1 Pin=R5-2
Added Pin To Net: NetName=3.3V1 Pin=R7-2
Added Pin To Net: NetName=3.3V1 Pin=U1-4
Added Net: Name=3.3V1
Added Pin To Net: NetName=3.3V2_V Pin=*1-1
Added Pin To Net: NetName=3.3V2_V Pin=C7-1
Added Pin To Net: NetName=3.3V2_V Pin=C8-1
Added Pin To Net: NetName=3.3V2_V Pin=R6-2
Added Pin To Net: NetName=3.3V2_V Pin=S3-4
Added Net: Name=3.3V2_V
Added Pin To Net: NetName=3.3V2 Pin=*3-1
Added Pin To Net: NetName=3.3V2 Pin=*3-6
Added Pin To Net: NetName=3.3V2 Pin=*4-1
Added Pin To Net: NetName=3.3V2 Pin=*4-2
Added Pin To Net: NetName=3.3V2 Pin=*4-3
Added Pin To Net: NetName=3.3V2 Pin=C6-1
Added Pin To Net: NetName=3.3V2 Pin=C9-1
Added Pin To Net: NetName=3.3V2 Pin=C10-1
Added Pin To Net: NetName=3.3V2 Pin=DH1-1
Added Pin To Net: NetName=3.3V2 Pin=R1-2
Added Pin To Net: NetName=3.3V2 Pin=R2-2
Added Pin To Net: NetName=3.3V2 Pin=R10-1
Added Pin To Net: NetName=3.3V2 Pin=R12-1
Added Net: Name=3.3V2
Added Pin To Net: NetName=3.3V Pin=4-2
Added Pin To Net: NetName=3.3V Pin=C11-1
Added Pin To Net: NetName=3.3V Pin=C13-1
Added Pin To Net: NetName=3.3V Pin=C14-1
Added Pin To Net: NetName=3.3V Pin=J9-4
Added Pin To Net: NetName=3.3V Pin=R14-2
Added Pin To Net: NetName=3.3V Pin=R18-2
Added Pin To Net: NetName=3.3V Pin=R22-2
Added Pin To Net: NetName=3.3V Pin=S4-1
Added Net: Name=3.3V
Added Pin To Net: NetName=220L Pin=AC-DC2-1
Added Pin To Net: NetName=220L Pin=C12-2
Added Pin To Net: NetName=220L Pin=Q3-1
Added Pin To Net: NetName=220L Pin=R15-2
Added Pin To Net: NetName=220L Pin=R16-2
Added Net: Name=220L
Added Pin To Net: NetName=220N Pin=AC-DC2-2
Added Net: Name=220N
Added Pin To Net: NetName=220OUT1 Pin=Q4-2
Added Pin To Net: NetName=220OUT1 Pin=R21-2
Added Net: Name=220OUT1
Added Pin To Net: NetName=220OUT2 Pin=Q5-2
Added Pin To Net: NetName=220OUT2 Pin=R24-2
Added Net: Name=220OUT2
Added Pin To Net: NetName=340GR Pin=5-4
Added Pin To Net: NetName=340GR Pin=CH1-3
Added Net: Name=340GR
Added Pin To Net: NetName=340GT Pin=5-2
Added Pin To Net: NetName=340GT Pin=D6-1
Added Net: Name=340GT
Added Pin To Net: NetName=ADC Pin=ESP2-1
Added Pin To Net: NetName=ADC Pin=J8-7
Added Net: Name=ADC
Added Pin To Net: NetName=BOOT0 Pin=*3-2
Added Net: Name=BOOT0
Added Pin To Net: NetName=BOOT1 Pin=*3-5
Added Net: Name=BOOT1
Added Pin To Net: NetName=CH340+3.3V Pin=C17-1
Added Pin To Net: NetName=CH340+3.3V Pin=CH1-4
Added Net: Name=CH340+3.3V
Added Pin To Net: NetName=D+ Pin=CH1-5
Added Pin To Net: NetName=D+ Pin=USB1-3
Added Net: Name=D+
Added Pin To Net: NetName=D- Pin=CH1-6
Added Pin To Net: NetName=D- Pin=USB1-2
Added Net: Name=D-
Added Pin To Net: NetName=GND1 Pin=1-1
Added Pin To Net: NetName=GND1 Pin=C2-2
Added Pin To Net: NetName=GND1 Pin=C3-2
Added Pin To Net: NetName=GND1 Pin=ESP1-15
Added Pin To Net: NetName=GND1 Pin=ESP1-16
Added Pin To Net: NetName=GND1 Pin=J3-4
Added Pin To Net: NetName=GND1 Pin=Q2-2
Added Pin To Net: NetName=GND1 Pin=S2-2
Added Net: Name=GND1
Added Pin To Net: NetName=GND2_G Pin=*1-4
Added Pin To Net: NetName=GND2_G Pin=C7-2
Added Pin To Net: NetName=GND2_G Pin=C8-2
Added Pin To Net: NetName=GND2_G Pin=D2-2
Added Pin To Net: NetName=GND2_G Pin=S3-1
Added Net: Name=GND2_G
Added Pin To Net: NetName=GND2 Pin=*3-3
Added Pin To Net: NetName=GND2 Pin=*3-4
Added Pin To Net: NetName=GND2 Pin=C1-1
Added Pin To Net: NetName=GND2 Pin=C4-2
Added Pin To Net: NetName=GND2 Pin=C5-2
Added Pin To Net: NetName=GND2 Pin=C6-2
Added Pin To Net: NetName=GND2 Pin=C9-2
Added Pin To Net: NetName=GND2 Pin=C10-2
Added Pin To Net: NetName=GND2 Pin=DH1-3
Added Pin To Net: NetName=GND2 Pin=DH1-4
Added Pin To Net: NetName=GND2 Pin=R11-1
Added Pin To Net: NetName=GND2 Pin=R13-1
Added Pin To Net: NetName=GND2 Pin=S1-1
Added Pin To Net: NetName=GND2 Pin=S3-2
Added Net: Name=GND2
Added Pin To Net: NetName=GND Pin=4-1
Added Pin To Net: NetName=GND Pin=AC-DC2-4
Added Pin To Net: NetName=GND Pin=C11-2
Added Pin To Net: NetName=GND Pin=C13-2
Added Pin To Net: NetName=GND Pin=C14-2
Added Pin To Net: NetName=GND Pin=C15-2
Added Pin To Net: NetName=GND Pin=C16-2
Added Pin To Net: NetName=GND Pin=C17-2
Added Pin To Net: NetName=GND Pin=C18-1
Added Pin To Net: NetName=GND Pin=C19-1
Added Pin To Net: NetName=GND Pin=CH1-1
Added Pin To Net: NetName=GND Pin=D5-2
Added Pin To Net: NetName=GND Pin=ESP2-15
Added Pin To Net: NetName=GND Pin=ESP2-16
Added Pin To Net: NetName=GND Pin=J9-1
Added Pin To Net: NetName=GND Pin=USB1-5
Added Net: Name=GND
Added Pin To Net: NetName=IO0 Pin=ESP2-18
Added Net: Name=IO0
Added Pin To Net: NetName=IO2 Pin=ESP2-17
Added Pin To Net: NetName=IO2 Pin=J8-6
Added Net: Name=IO2
Added Pin To Net: NetName=IO4 Pin=ESP2-19
Added Pin To Net: NetName=IO4 Pin=J8-5
Added Net: Name=IO4
Added Pin To Net: NetName=IO5 Pin=ESP2-20
Added Pin To Net: NetName=IO5 Pin=J8-4
Added Net: Name=IO5
Added Pin To Net: NetName=IO12 Pin=7-2
Added Pin To Net: NetName=IO12 Pin=ESP2-6
Added Pin To Net: NetName=IO12 Pin=J8-8
Added Net: Name=IO12
Added Pin To Net: NetName=IO13 Pin=6-2
Added Pin To Net: NetName=IO13 Pin=ESP2-7
Added Pin To Net: NetName=IO13 Pin=J8-9
Added Net: Name=IO13
Added Pin To Net: NetName=IO14 Pin=3-2
Added Pin To Net: NetName=IO14 Pin=ESP2-5
Added Pin To Net: NetName=IO14 Pin=J8-3
Added Net: Name=IO14
Added Pin To Net: NetName=IO16 Pin=ESP2-4
Added Pin To Net: NetName=IO16 Pin=J8-2
Added Net: Name=IO16
Added Pin To Net: NetName=Net1_2 Pin=1-2
Added Pin To Net: NetName=Net1_2 Pin=C2-1
Added Pin To Net: NetName=Net1_2 Pin=S2-4
Added Net: Name=Net1_2
Added Pin To Net: NetName=Net1_3 Pin=1-3
Added Pin To Net: NetName=Net1_3 Pin=AC-DC1-3
Added Pin To Net: NetName=Net1_3 Pin=C3-1
Added Net: Name=Net1_3
Added Pin To Net: NetName=Net2_1 Pin=2-1
Added Pin To Net: NetName=Net2_1 Pin=R5-1
Added Net: Name=Net2_1
Added Pin To Net: NetName=Net2_4 Pin=2-4
Added Pin To Net: NetName=Net2_4 Pin=Q1-3
Added Pin To Net: NetName=Net2_4 Pin=R9-1
Added Net: Name=Net2_4
Added Pin To Net: NetName=Net2_6 Pin=2-6
Added Pin To Net: NetName=Net2_6 Pin=R8-1
Added Net: Name=Net2_6
Added Pin To Net: NetName=Net3_1 Pin=3-1
Added Pin To Net: NetName=Net3_1 Pin=R14-1
Added Net: Name=Net3_1
Added Pin To Net: NetName=Net3_4 Pin=3-4
Added Pin To Net: NetName=Net3_4 Pin=Q3-3
Added Pin To Net: NetName=Net3_4 Pin=R17-1
Added Net: Name=Net3_4
Added Pin To Net: NetName=Net3_6 Pin=3-6
Added Pin To Net: NetName=Net3_6 Pin=R16-1
Added Net: Name=Net3_6
Added Pin To Net: NetName=Net6_1 Pin=6-1
Added Pin To Net: NetName=Net6_1 Pin=R18-1
Added Net: Name=Net6_1
Added Pin To Net: NetName=Net6_4 Pin=6-4
Added Pin To Net: NetName=Net6_4 Pin=Q4-3
Added Pin To Net: NetName=Net6_4 Pin=R21-1
Added Net: Name=Net6_4
Added Pin To Net: NetName=Net6_6 Pin=6-6
Added Pin To Net: NetName=Net6_6 Pin=R20-1
Added Net: Name=Net6_6
Added Pin To Net: NetName=Net7_1 Pin=7-1
Added Pin To Net: NetName=Net7_1 Pin=R22-1
Added Net: Name=Net7_1
Added Pin To Net: NetName=Net7_4 Pin=7-4
Added Pin To Net: NetName=Net7_4 Pin=Q5-3
Added Pin To Net: NetName=Net7_4 Pin=R24-1
Added Net: Name=Net7_4
Added Pin To Net: NetName=Net7_6 Pin=7-6
Added Pin To Net: NetName=Net7_6 Pin=R23-1
Added Net: Name=Net7_6
Added Pin To Net: NetName=Net*2_5 Pin=C4-1
Added Pin To Net: NetName=Net*2_5 Pin=R3-1
Added Pin To Net: NetName=Net*2_5 Pin=Y1-2
Added Net: Name=Net*2_5
Added Pin To Net: NetName=Net*2_6 Pin=C5-1
Added Pin To Net: NetName=Net*2_6 Pin=R3-2
Added Pin To Net: NetName=Net*2_6 Pin=Y1-1
Added Net: Name=Net*2_6
Added Pin To Net: NetName=Net*4_5 Pin=*4-5
Added Pin To Net: NetName=Net*4_5 Pin=R13-2
Added Net: Name=Net*4_5
Added Pin To Net: NetName=NetAC-DC1_4 Pin=AC-DC1-4
Added Pin To Net: NetName=NetAC-DC1_4 Pin=S2-1
Added Net: Name=NetAC-DC1_4
Added Pin To Net: NetName=NetC12_1 Pin=C12-1
Added Pin To Net: NetName=NetC12_1 Pin=Q3-2
Added Pin To Net: NetName=NetC12_1 Pin=Q4-1
Added Pin To Net: NetName=NetC12_1 Pin=Q5-1
Added Pin To Net: NetName=NetC12_1 Pin=R15-1
Added Pin To Net: NetName=NetC12_1 Pin=R17-2
Added Pin To Net: NetName=NetC12_1 Pin=R20-2
Added Pin To Net: NetName=NetC12_1 Pin=R23-2
Added Net: Name=NetC12_1
Added Pin To Net: NetName=NetC18_2 Pin=C18-2
Added Pin To Net: NetName=NetC18_2 Pin=CH1-8
Added Pin To Net: NetName=NetC18_2 Pin=Y2-2
Added Net: Name=NetC18_2
Added Pin To Net: NetName=NetC19_2 Pin=C19-2
Added Pin To Net: NetName=NetC19_2 Pin=CH1-7
Added Pin To Net: NetName=NetC19_2 Pin=Y2-1
Added Net: Name=NetC19_2
Added Pin To Net: NetName=NetCH1_2 Pin=CH1-2
Added Pin To Net: NetName=NetCH1_2 Pin=D6-2
Added Net: Name=NetCH1_2
Added Pin To Net: NetName=NetD1_1 Pin=D1-1
Added Pin To Net: NetName=NetD1_1 Pin=R2-1
Added Net: Name=NetD1_1
Added Pin To Net: NetName=NetD2_1 Pin=D2-1
Added Pin To Net: NetName=NetD2_1 Pin=R6-1
Added Net: Name=NetD2_1
Added Pin To Net: NetName=NetD3_1 Pin=D3-1
Added Pin To Net: NetName=NetD3_1 Pin=R4-1
Added Net: Name=NetD3_1
Added Pin To Net: NetName=NetD3_2 Pin=D3-2
Added Pin To Net: NetName=NetD3_2 Pin=D4-1
Added Pin To Net: NetName=NetD3_2 Pin=K1-5
Added Pin To Net: NetName=NetD3_2 Pin=Q2-3
Added Net: Name=NetD3_2
Added Pin To Net: NetName=NetD5_1 Pin=D5-1
Added Pin To Net: NetName=NetD5_1 Pin=R19-2
Added Net: Name=NetD5_1
Added Pin To Net: NetName=NetESP2_3 Pin=ESP2-3
Added Pin To Net: NetName=NetESP2_3 Pin=ESP2-8
Added Pin To Net: NetName=NetESP2_3 Pin=S4-2
Added Net: Name=NetESP2_3
Added Pin To Net: NetName=NetJ4_1 Pin=Q1-2
Added Pin To Net: NetName=NetJ4_1 Pin=R9-2
Added Net: Name=NetJ4_1
Added Pin To Net: NetName=NetJ5_2 Pin=J5-2
Added Pin To Net: NetName=NetJ5_2 Pin=K1-2
Added Net: Name=NetJ5_2
Added Pin To Net: NetName=NetJ5_3 Pin=J5-3
Added Pin To Net: NetName=NetJ5_3 Pin=K1-3
Added Net: Name=NetJ5_3
Added Pin To Net: NetName=NetQ2_2 Pin=Q2-1
Added Pin To Net: NetName=NetQ2_2 Pin=U1-3
Added Net: Name=NetQ2_2
Added Pin To Net: NetName=NetR7_1 Pin=R7-1
Added Pin To Net: NetName=NetR7_1 Pin=U1-1
Added Net: Name=NetR7_1
Added Pin To Net: NetName=NetR10_2 Pin=R10-2
Added Pin To Net: NetName=NetR10_2 Pin=U2-2
Added Net: Name=NetR10_2
Added Pin To Net: NetName=PA1 Pin=*4-4
Added Pin To Net: NetName=PA1 Pin=*4-6
Added Pin To Net: NetName=PA1 Pin=R11-2
Added Net: Name=PA1
Added Pin To Net: NetName=PA2 Pin=DH1-2
Added Pin To Net: NetName=PA2 Pin=R12-2
Added Net: Name=PA2
Added Pin To Net: NetName=PA13 Pin=*1-2
Added Net: Name=PA13
Added Pin To Net: NetName=PA14 Pin=*1-3
Added Net: Name=PA14
Added Pin To Net: NetName=PB0 Pin=U2-1
Added Net: Name=PB0
Added Net: Name=PB1
Added Pin To Net: NetName=PB15 Pin=D1-2
Added Net: Name=PB15
Added Pin To Net: NetName=RESET Pin=C1-2
Added Pin To Net: NetName=RESET Pin=R1-1
Added Pin To Net: NetName=RESET Pin=S1-2
Added Net: Name=RESET
Added Pin To Net: NetName=RST Pin=ESP2-2
Added Pin To Net: NetName=RST Pin=J8-1
Added Net: Name=RST
Added Pin To Net: NetName=RXD Pin=5-1
Added Pin To Net: NetName=RXD Pin=ESP2-21
Added Pin To Net: NetName=RXD Pin=J9-3
Added Net: Name=RXD
Added Pin To Net: NetName=TXD Pin=5-3
Added Pin To Net: NetName=TXD Pin=ESP2-22
Added Pin To Net: NetName=TXD Pin=J9-2
Added Net: Name=TXD
Added Pin To Net: NetName=USB+5V Pin=4-3
Added Pin To Net: NetName=USB+5V Pin=AC-DC2-3
Added Pin To Net: NetName=USB+5V Pin=C15-1
Added Pin To Net: NetName=USB+5V Pin=C16-1
Added Pin To Net: NetName=USB+5V Pin=CH1-16
Added Pin To Net: NetName=USB+5V Pin=R19-1
Added Pin To Net: NetName=USB+5V Pin=USB1-1
Added Net: Name=USB+5V
Added Class: Name=WIFI
Added Room: Name=WIFI
