Removed Pin From Net: NetName=GND Pin=C3-2
Removed Pin From Net: NetName=GND Pin=D1-2
Removed Pin From Net: NetName=VCC_5V Pin=K1-3
Removed Pin From Net: NetName=IO5 Pin=Q4-1
Removed Pin From Net: NetName=VCC_5V Pin=R7-1
Removed Pin From Net: NetName=NetD5_1 Pin=R7-2
Removed Pin From Net: NetName=IO5 Pin=R10-2
Removed Pin From Net: NetName=NetQ3_2 Pin=U1-3
Change Component DesignItemId : Designator=C2 Old DesignItemId=Cap New DesignItemId=Cap Pol1
Change Component Footprint: Designator=C2 Old Footprint=1206 New Footprint=CAP-E SMD 8X8
Change Component Comment : Designator=C2 Old Comment=Cap New Comment=Cap Pol1
Change Component Designator: OldDesignator=J3 NewDesignator=J2
Change Component Designator: OldDesignator=J4 NewDesignator=J3
Change Component Designator: OldDesignator=J6 NewDesignator=J4
Change Component Designator: OldDesignator=R8 NewDesignator=R9
Change Component Designator: OldDesignator=R9 NewDesignator=R10
Change Component Designator: OldDesignator=R10 NewDesignator=R13
Added Component: Designator=R8(0805)
Added Component: Designator=R11(0805)
Added Component: Designator=R12(0805)
Added Pin To Net: NetName=VCC_5V Pin=R7-2
Added Pin To Net: NetName=VCC_5V Pin=R8-1
Added Pin To Net: NetName=NetD5_1 Pin=R8-2
Added Pin To Net: NetName=IO5 Pin=R11-2
Added Pin To Net: NetName=NetQ3_2 Pin=R12-1
Change Net Name : Old Net Name=ADC New Net Name=RST
Change Net Name : Old Net Name=NetR8_1 New Net Name=NetR9_1
Change Net Name : Old Net Name=RST New Net Name=ADC
Added Pin To Net: NetName=NetC3_2 Pin=C3-2
Added Pin To Net: NetName=NetC3_2 Pin=D1-2
Added Net: Name=NetC3_2
Added Pin To Net: NetName=NetK1_4 Pin=K1-3
Added Pin To Net: NetName=NetK1_4 Pin=R7-1
Added Net: Name=NetK1_4
Added Pin To Net: NetName=NetQ4_2 Pin=Q4-1
Added Pin To Net: NetName=NetQ4_2 Pin=R11-1
Added Pin To Net: NetName=NetQ4_2 Pin=R13-2
Added Net: Name=NetQ4_2
Added Pin To Net: NetName=NetR12_2 Pin=R12-2
Added Pin To Net: NetName=NetR12_2 Pin=U1-3
Added Net: Name=NetR12_2
Added Member To Class: ClassName=WIFI Member=Component R11 Res
Added Member To Class: ClassName=WIFI Member=Component R12 Res
Added Member To Class: ClassName=WIFI Member=Component R13 Res
