Removed Pin From Net: NetName=VCC_5V Pin=C1-1
Removed Pin From Net: NetName=GND Pin=C1-2
Removed Pin From Net: NetName=GND Pin=C2-2
Removed Pin From Net: NetName=GND Pin=C5-1
Removed Pin From Net: NetName=GND Pin=C6-1
Removed Pin From Net: NetName=GND Pin=CH1-1
Removed Pin From Net: NetName=340GT Pin=CH1-2
Removed Pin From Net: NetName=340GR Pin=CH1-3
Removed Pin From Net: NetName=VCC_5V Pin=CH1-16
Removed Pin From Net: NetName=340GR Pin=D2-1
Removed Pin From Net: NetName=340GT Pin=D3-1
Removed Pin From Net: NetName=GND Pin=R1-1
Removed Member From Class: ClassName=WIFI Member=C1
Removed Member From Class: ClassName=WIFI Member=C2
Removed Member From Class: ClassName=WIFI Member=C5
Removed Member From Class: ClassName=WIFI Member=C6
Removed Member From Class: ClassName=WIFI Member=CH1
Removed Member From Class: ClassName=WIFI Member=D2
Removed Member From Class: ClassName=WIFI Member=D3
Removed Member From Class: ClassName=WIFI Member=R1
Removed Member From Class: ClassName=WIFI Member=Y1
Added Room: Name=WIFI
