Removed Pin From Net: NetName=GND Pin=1-1
Removed Pin From Net: NetName=VCC_3.3V Pin=1-2
Removed Pin From Net: NetName=VCC_5V Pin=1-3
Removed Pin From Net: NetName=VCC_3.3V Pin=C3-1
Removed Pin From Net: NetName=GND Pin=C3-2
Removed Pin From Net: NetName=VCC_5V Pin=C4-1
Removed Pin From Net: NetName=GND Pin=C4-2
Removed Pin From Net: NetName=GND Pin=D6-2
Removed Pin From Net: NetName=220OUT2 Pin=J8-1
Removed Pin From Net: NetName=220OUT1 Pin=J8-2
Removed Pin From Net: NetName=VCC_3.3V Pin=R13-2
Removed Member From Class: ClassName=WIFI Member=1
Removed Member From Class: ClassName=WIFI Member=C3
Removed Member From Class: ClassName=WIFI Member=C4
Removed Member From Class: ClassName=WIFI Member=D6
Removed Member From Class: ClassName=WIFI Member=J8
Removed Member From Class: ClassName=WIFI Member=R13
Added Component: Designator=J3(TML-2-3.5)
Added Pin To Net: NetName=220N Pin=J3-1
Added Pin To Net: NetName=220L Pin=J3-2
Added Member To Class: ClassName=WIFI Member=Component J3 CON2
Added Room: Name=WIFI
