Change Component Designator: OldDesignator=4 NewDesignator=3
Change Component Designator: OldDesignator=5 NewDesignator=4
Change Component Designator: OldDesignator=R12 NewDesignator=R23
Change Component Designator: OldDesignator=R23 NewDesignator=R24
Change Component Designator: OldDesignator=R24 NewDesignator=R25
Change Component Designator: OldDesignator=R25 NewDesignator=R26
Change Component Designator: OldDesignator=R26 NewDesignator=R27
Change Component Designator: OldDesignator=R27 NewDesignator=R28
Change Component Designator: OldDesignator=R28 NewDesignator=R29
Change Component Designator: OldDesignator=R29 NewDesignator=R30
Change Component Designator: OldDesignator=R30 NewDesignator=R31
Change Component Designator: OldDesignator=R31 NewDesignator=R32
Change Component Designator: OldDesignator=R32 NewDesignator=R33
Change Component Designator: OldDesignator=R33 NewDesignator=R34
Change Component Designator: OldDesignator=R34 NewDesignator=R35
Change Component Designator: OldDesignator=R35 NewDesignator=R36
Change Component Designator: OldDesignator=R36 NewDesignator=R37
Change Net Name : Old Net Name=Net4_1 New Net Name=Net3_1
Change Net Name : Old Net Name=Net4_4 New Net Name=Net3_4
Change Net Name : Old Net Name=Net4_6 New Net Name=Net3_6
Change Net Name : Old Net Name=Net5_1 New Net Name=Net4_1
Change Net Name : Old Net Name=Net5_4 New Net Name=Net4_4
Change Net Name : Old Net Name=Net5_6 New Net Name=Net4_6
Change Net Name : Old Net Name=NetR36_1 New Net Name=NetR37_1
Added Member To Class: ClassName=WIFI Member=Component R37 Res
