Added Component: Designator=1(SOT223)
Added Component: Designator=2(MOC3051)
Added Component: Designator=AC-DC1(POWER-220_5)
Added Component: Designator=C1(1206)
Added Component: Designator=C2(1206)
Added Component: Designator=C3(RAD0.5)
Added Component: Designator=D1(LED0805)
Added Component: Designator=D2(DO-214AC/SMA)
Added Component: Designator=D3(LED0805)
Added Component: Designator=ESP1(ESP8266)
Added Component: Designator=J1(HDR1X2)
Added Component: Designator=J2(SIP4)
Added Component: Designator=K1(5V-5)
Added Component: Designator=Q1(TO-126)
Added Component: Designator=Q2(SOT-23)
Added Component: Designator=Q3(SOT-23)
Added Component: Designator=Q4(SOT-23)
Added Component: Designator=R1(0805)
Added Component: Designator=R2(0805)
Added Component: Designator=R3(0805)
Added Component: Designator=R4(0805)
Added Component: Designator=R5(0805)
Added Component: Designator=R6(0805)
Added Component: Designator=R7(0805)
Added Component: Designator=R8(0805)
Added Component: Designator=R9(0805)
Added Component: Designator=R10(0805)
Added Component: Designator=R11(0805)
Added Component: Designator=S1(SW-Он╦Э-6P)
Added Component: Designator=U1(DIP4)
Added Pin To Net: NetName=220_IN_RE Pin=C3-1
Added Pin To Net: NetName=220_IN_RE Pin=K1-1
Added Pin To Net: NetName=220_IN_RE Pin=Q1-2
Added Pin To Net: NetName=220_IN_RE Pin=R3-1
Added Pin To Net: NetName=220_IN_RE Pin=R7-1
Added Net: Name=220_IN_RE
Added Pin To Net: NetName=220L Pin=AC-DC1-1
Added Pin To Net: NetName=220L Pin=C3-2
Added Pin To Net: NetName=220L Pin=Q1-1
Added Pin To Net: NetName=220L Pin=R2-1
Added Pin To Net: NetName=220L Pin=R3-2
Added Net: Name=220L
Added Pin To Net: NetName=220N Pin=AC-DC1-2
Added Net: Name=220N
Added Pin To Net: NetName=220OUT1 Pin=K1-3
Added Net: Name=220OUT1
Added Pin To Net: NetName=220OUT2 Pin=K1-2
Added Net: Name=220OUT2
Added Pin To Net: NetName=340GR Pin=ESP1-22
Added Net: Name=340GR
Added Pin To Net: NetName=340GT Pin=ESP1-21
Added Net: Name=340GT
Added Pin To Net: NetName=ADC Pin=ESP1-1
Added Net: Name=ADC
Added Pin To Net: NetName=GND Pin=1-1
Added Pin To Net: NetName=GND Pin=AC-DC1-4
Added Pin To Net: NetName=GND Pin=C1-2
Added Pin To Net: NetName=GND Pin=C2-2
Added Pin To Net: NetName=GND Pin=D1-2
Added Pin To Net: NetName=GND Pin=ESP1-15
Added Pin To Net: NetName=GND Pin=ESP1-16
Added Pin To Net: NetName=GND Pin=J1-1
Added Pin To Net: NetName=GND Pin=J2-1
Added Pin To Net: NetName=GND Pin=Q2-2
Added Pin To Net: NetName=GND Pin=Q3-2
Added Pin To Net: NetName=GND Pin=Q4-2
Added Pin To Net: NetName=GND Pin=R9-1
Added Pin To Net: NetName=GND Pin=R11-1
Added Net: Name=GND
Added Pin To Net: NetName=IO0 Pin=ESP1-18
Added Pin To Net: NetName=IO0 Pin=J1-2
Added Net: Name=IO0
Added Pin To Net: NetName=IO2 Pin=ESP1-17
Added Net: Name=IO2
Added Pin To Net: NetName=IO4 Pin=ESP1-19
Added Net: Name=IO4
Added Pin To Net: NetName=IO5 Pin=ESP1-20
Added Net: Name=IO5
Added Pin To Net: NetName=IO12 Pin=ESP1-6
Added Net: Name=IO12
Added Pin To Net: NetName=IO13 Pin=Q4-1
Added Pin To Net: NetName=IO13 Pin=R11-2
Added Net: Name=IO13
Added Pin To Net: NetName=IO14 Pin=ESP1-5
Added Pin To Net: NetName=IO14 Pin=Q2-1
Added Pin To Net: NetName=IO14 Pin=R9-2
Added Net: Name=IO14
Added Pin To Net: NetName=IO16 Pin=ESP1-4
Added Net: Name=IO16
Added Pin To Net: NetName=Net2_1 Pin=2-1
Added Pin To Net: NetName=Net2_1 Pin=R4-1
Added Net: Name=Net2_1
Added Pin To Net: NetName=Net2_2 Pin=2-2
Added Pin To Net: NetName=Net2_2 Pin=Q2-3
Added Pin To Net: NetName=Net2_2 Pin=R5-1
Added Net: Name=Net2_2
Added Pin To Net: NetName=Net2_4 Pin=2-4
Added Pin To Net: NetName=Net2_4 Pin=R7-2
Added Net: Name=Net2_4
Added Pin To Net: NetName=Net2_6 Pin=2-6
Added Pin To Net: NetName=Net2_6 Pin=Q1-3
Added Pin To Net: NetName=Net2_6 Pin=R2-2
Added Net: Name=Net2_6
Added Pin To Net: NetName=NetD1_1 Pin=D1-1
Added Pin To Net: NetName=NetD1_1 Pin=R1-1
Added Net: Name=NetD1_1
Added Pin To Net: NetName=NetD2_1 Pin=D2-1
Added Pin To Net: NetName=NetD2_1 Pin=D3-2
Added Pin To Net: NetName=NetD2_1 Pin=K1-5
Added Pin To Net: NetName=NetD2_1 Pin=Q3-3
Added Net: Name=NetD2_1
Added Pin To Net: NetName=NetD3_1 Pin=D3-1
Added Pin To Net: NetName=NetD3_1 Pin=R6-2
Added Net: Name=NetD3_1
Added Pin To Net: NetName=NetESP1_3 Pin=ESP1-3
Added Pin To Net: NetName=NetESP1_3 Pin=ESP1-8
Added Pin To Net: NetName=NetESP1_3 Pin=S1-2
Added Net: Name=NetESP1_3
Added Pin To Net: NetName=NetQ3_2 Pin=Q3-1
Added Pin To Net: NetName=NetQ3_2 Pin=U1-3
Added Net: Name=NetQ3_2
Added Pin To Net: NetName=NetQ4_3 Pin=Q4-3
Added Pin To Net: NetName=NetQ4_3 Pin=R10-1
Added Pin To Net: NetName=NetQ4_3 Pin=U1-2
Added Net: Name=NetQ4_3
Added Pin To Net: NetName=NetR8_1 Pin=R8-1
Added Pin To Net: NetName=NetR8_1 Pin=U1-1
Added Net: Name=NetR8_1
Added Pin To Net: NetName=RST Pin=ESP1-2
Added Net: Name=RST
Added Pin To Net: NetName=USART1_RX Pin=J2-3
Added Net: Name=USART1_RX
Added Pin To Net: NetName=USART1_TX Pin=J2-2
Added Net: Name=USART1_TX
Added Pin To Net: NetName=VCC_3.3V Pin=1-2
Added Pin To Net: NetName=VCC_3.3V Pin=C1-1
Added Pin To Net: NetName=VCC_3.3V Pin=J2-4
Added Pin To Net: NetName=VCC_3.3V Pin=R1-2
Added Pin To Net: NetName=VCC_3.3V Pin=R4-2
Added Pin To Net: NetName=VCC_3.3V Pin=R5-2
Added Pin To Net: NetName=VCC_3.3V Pin=R8-2
Added Pin To Net: NetName=VCC_3.3V Pin=R10-2
Added Pin To Net: NetName=VCC_3.3V Pin=S1-1
Added Net: Name=VCC_3.3V
Added Pin To Net: NetName=VCC_5V Pin=1-3
Added Pin To Net: NetName=VCC_5V Pin=AC-DC1-3
Added Pin To Net: NetName=VCC_5V Pin=C2-1
Added Pin To Net: NetName=VCC_5V Pin=D2-2
Added Pin To Net: NetName=VCC_5V Pin=K1-4
Added Pin To Net: NetName=VCC_5V Pin=R6-1
Added Pin To Net: NetName=VCC_5V Pin=U1-4
Added Net: Name=VCC_5V
Added Class: Name=WIFI
Added Room: Name=WIFI
